[02.06.2022 - 5:18 PM] 
POST - tasks/20635583/time_entries.json
{"time-entry":{"person-id":270116,"date":"20220602","description":"","hours":0,"isbillable":false,"minutes":53,"time":"16:26"}}
ERROR: {"readyState":0,"status":0,"statusText":"error"}

[15.06.2022 - 3:59 AM] 
POST - tasklists/1526859/tasks.json
{"todo-item":{"due-date":"","responsible-party-id":"270116","content":"standup","description":"","notify":false,"private":false,"grant-access-to":""}}
ERROR: {}

[15.06.2022 - 4:01 AM] 
POST - tasklists/1526859/tasks.json
{"todo-item":{"due-date":"","responsible-party-id":"","content":"standup","description":"","notify":false,"private":true,"grant-access-to":"270116"}}
ERROR: {}

[27.06.2022 - 9:43 AM] 
POST - tasklists/1630399/tasks.json
{"todo-item":{"due-date":"20220630","responsible-party-id":"270116","content":"Termin Zielplanung","description":"","notify":false,"private":false,"grant-access-to":""}}
ERROR: {}

[01.07.2022 - 10:25 AM] 
POST - tasklists/1526859/tasks.json
{"todo-item":{"due-date":"","responsible-party-id":"270116","content":"Update meeting","description":"","notify":false,"private":false,"grant-access-to":""}}
ERROR: {}

