00:00:00.004104 VirtualBox DHCP Server 6.1.34 r150636 linux.amd64 (Apr 21 2022 20:04:42) release log
00:00:00.004106 Log opened 2022-05-11T15:11:47.789326000Z
00:00:00.004107 Build Type: release
00:00:00.004109 OS Product: Linux
00:00:00.004110 OS Release: 5.17.5-zen1-1-zen
00:00:00.004110 OS Version: #1 ZEN SMP PREEMPT Wed, 27 Apr 2022 20:56:14 +0000
00:00:00.004135 DMI Product Name: 20YG003VGE
00:00:00.004140 DMI Product Version: ThinkPad E15 Gen 3
00:00:00.004146 Firmware type: UEFI
00:00:00.004398 Secure Boot: Disabled
00:00:00.004438 Host RAM: 14872MB (14.5GB) total, 5386MB (5.2GB) available
00:00:00.004440 Executable: /usr/lib/virtualbox/VBoxNetDHCP
00:00:00.004440 Process ID: 31020
00:00:00.004440 Package type: LINUX_64BITS_GENERIC (OSE)
00:00:00.004470 --config:  NatNetwork
00:00:00.004476 --comment: NatNetwork
00:00:00.004573 IP address:   10.0.2.3/24
00:00:00.004577 Address pool: 10.0.2.4 - 10.0.2.254
00:00:00.004604 MAC address is not specified: will use generated MAC 08:00:27:80:7e:c6
00:00:00.004610 Db::i_enterFixedAddressAssignment: 08:00:27:80:7e:c6: 10.0.2.3
00:00:00.004615 loading leases from /home/davidc/.config/VirtualBox/NatNetwork-Dhcpd.leases
00:00:00.004683 Runtime error opening '/home/davidc/.config/VirtualBox/NatNetwork-Dhcpd.leases' for reading: -102 (File not found.)
00:00:12.016734 REQUEST xid 0xaf2f6fb0 chaddr 08:00:27:95:bd:54
00:00:12.016794  ciaddr 0.0.0.0
00:00:12.016804  client id: 01 08 00 27 95 bd 54
00:00:12.016811  requested address 10.0.2.15
00:00:12.016821  params { 1 2 6 12 15 26 28 121 3 33 40 41 42 119 249 252 17 }
00:00:12.016892   12: 'kali'
00:00:12.016897   57: 02 40
00:00:12.016905 > allocateAddress 10.0.2.15 to client [01:08:00:27:95:bd:54] (08:00:27:95:bd:54)
00:00:12.016920 > .... creating new binding for this address 10.0.2.15 free
00:00:12.016928 Lease time 600 secs (default)
00:00:12.016937 writing leases to /home/davidc/.config/VirtualBox/NatNetwork-Dhcpd.leases
00:00:12.020758 >>> requested option 1 (SubnetMask)
00:00:12.020854 ... always supplied
00:00:12.020858 >>> requested option 2 (TimeOffset)
00:00:12.020862 ... not found
00:00:12.020865 >>> requested option 6 (DNSes)
00:00:12.020869 ... found in GlobalConfig (type global)
00:00:12.020873 >>> requested option 12 (HostName)
00:00:12.020876 ... not found
00:00:12.020879 >>> requested option 15 (DomainName)
00:00:12.020882 ... found in GlobalConfig (type global)
00:00:12.020886 >>> requested option 26 (InterfaceMTU)
00:00:12.020889 ... not found
00:00:12.020892 >>> requested option 28 (BroadcastAddress)
00:00:12.020895 ... not found
00:00:12.020898 >>> requested option 121 (unknown)
00:00:12.020901 ... not found
00:00:12.020904 >>> requested option 3 (Routers)
00:00:12.020908 ... found in GlobalConfig (type global)
00:00:12.020912 >>> requested option 33 (StaticRoute)
00:00:12.020915 ... not found
00:00:12.020918 >>> requested option 40 (NISDomain)
00:00:12.020921 ... not found
00:00:12.020924 >>> requested option 41 (NISServers)
00:00:12.020927 ... not found
00:00:12.020930 >>> requested option 42 (NTPServers)
00:00:12.020933 ... not found
00:00:12.020936 >>> requested option 119 (DomainSearch)
00:00:12.020939 ... not found
00:00:12.020942 >>> requested option 249 (unknown)
00:00:12.020945 ... not found
00:00:12.020948 >>> requested option 252 (unknown)
00:00:12.020951 ... not found
00:00:12.020954 >>> requested option 17 (RootPath)
00:00:12.020957 ... not found
00:00:12.020964 encoding option 1 (SubnetMask)
00:00:12.020979 encoding option 3 (Routers)
00:00:12.020982 encoding option 6 (DNSes)
00:00:12.020986 encoding option 15 (DomainName)
00:00:12.020989 encoding option 51 (LeaseTime)
00:00:12.020994 ACK xid 0xaf2f6fb0 chaddr 08:00:27:95:bd:54
00:00:12.021005  ciaddr 0.0.0.0 yiaddr 10.0.2.15
00:00:12.021015 encoded message: 548 bytes
00:00:12.021018 00007f73cc002d20/0000: 02 01 06 00 b0 6f 2f af-00 00 00 00 00 00 00 00 .....o/.........
00:00:12.021022 00007f73cc002d30/0010: 0a 00 02 0f 00 00 00 00-00 00 00 00 08 00 27 95 ..............'.
00:00:12.021025 00007f73cc002d40/0020: bd 54 00 00 00 00 00 00-00 00 00 00 00 00 00 00 .T..............
00:00:12.021027 00007f73cc002d50/0030: 00 00 00 00 00 00 00 00-00 00 00 00 00 00 00 00 ................
00:00:12.021030 00007f73cc002d60/0040: 00 00 00 00 00 00 00 00-00 00 00 00 00 00 00 00 ................
00:00:12.021032 00007f73cc002d70/0050: 00 00 00 00 00 00 00 00-00 00 00 00 00 00 00 00 ................
00:00:12.021035 00007f73cc002d80/0060: 00 00 00 00 00 00 00 00-00 00 00 00 00 00 00 00 ................
00:00:12.021037 00007f73cc002d90/0070: 00 00 00 00 00 00 00 00-00 00 00 00 00 00 00 00 ................
00:00:12.021040 00007f73cc002da0/0080: 00 00 00 00 00 00 00 00-00 00 00 00 00 00 00 00 ................
00:00:12.021042 00007f73cc002db0/0090: 00 00 00 00 00 00 00 00-00 00 00 00 00 00 00 00 ................
00:00:12.021045 00007f73cc002dc0/00a0: 00 00 00 00 00 00 00 00-00 00 00 00 00 00 00 00 ................
00:00:12.021047 00007f73cc002dd0/00b0: 00 00 00 00 00 00 00 00-00 00 00 00 00 00 00 00 ................
00:00:12.021050 00007f73cc002de0/00c0: 00 00 00 00 00 00 00 00-00 00 00 00 00 00 00 00 ................
00:00:12.021052 00007f73cc002df0/00d0: 00 00 00 00 00 00 00 00-00 00 00 00 00 00 00 00 ................
00:00:12.021055 00007f73cc002e00/00e0: 00 00 00 00 00 00 00 00-00 00 00 00 63 82 53 63 ............c.Sc
00:00:12.021057 00007f73cc002e10/00f0: 36 04 0a 00 02 03 35 01-05 01 04 ff ff ff 00 03 6.....5.........
00:00:12.021060 00007f73cc002e20/0100: 04 0a 00 02 01 06 04 c0-a8 01 1f 0f 09 7a 6f 6e .............zon
00:00:12.021062 00007f73cc002e30/0110: 65 33 35 2e 7a 7a 33 04-00 00 02 58 ff 00 00 00 e35.zz3....X....
00:00:12.021065 00007f73cc002e40/0120: 00 00 00 00 00 00 00 00-00 00 00 00 00 00 00 00 ................
00:00:12.021067 00007f73cc002e50/0130: 00 00 00 00 00 00 00 00-00 00 00 00 00 00 00 00 ................
00:00:12.021070 00007f73cc002e60/0140: 00 00 00 00 00 00 00 00-00 00 00 00 00 00 00 00 ................
00:00:12.021072 00007f73cc002e70/0150: 00 00 00 00 00 00 00 00-00 00 00 00 00 00 00 00 ................
00:00:12.021075 00007f73cc002e80/0160: 00 00 00 00 00 00 00 00-00 00 00 00 00 00 00 00 ................
00:00:12.021077 00007f73cc002e90/0170: 00 00 00 00 00 00 00 00-00 00 00 00 00 00 00 00 ................
00:00:12.021080 00007f73cc002ea0/0180: 00 00 00 00 00 00 00 00-00 00 00 00 00 00 00 00 ................
00:00:12.021082 00007f73cc002eb0/0190: 00 00 00 00 00 00 00 00-00 00 00 00 00 00 00 00 ................
00:00:12.021085 00007f73cc002ec0/01a0: 00 00 00 00 00 00 00 00-00 00 00 00 00 00 00 00 ................
00:00:12.021087 00007f73cc002ed0/01b0: 00 00 00 00 00 00 00 00-00 00 00 00 00 00 00 00 ................
00:00:12.021090 00007f73cc002ee0/01c0: 00 00 00 00 00 00 00 00-00 00 00 00 00 00 00 00 ................
00:00:12.021092 00007f73cc002ef0/01d0: 00 00 00 00 00 00 00 00-00 00 00 00 00 00 00 00 ................
00:00:12.021095 00007f73cc002f00/01e0: 00 00 00 00 00 00 00 00-00 00 00 00 00 00 00 00 ................
00:00:12.021097 00007f73cc002f10/01f0: 00 00 00 00 00 00 00 00-00 00 00 00 00 00 00 00 ................
00:00:12.021100 00007f73cc002f20/0200: 00 00 00 00 00 00 00 00-00 00 00 00 00 00 00 00 ................
00:00:12.021102 00007f73cc002f30/0210: 00 00 00 00 00 00 00 00-00 00 00 00 00 00 00 00 ................
00:00:12.021104 00007f73cc002f40/0220: 00 00 00 00                                     ....
