00:00:00.000494 main     VirtualBox XPCOM Server 6.1.36 r152435 linux.amd64 (Jul 21 2022 10:08:57) release log
00:00:00.000496 main     Log opened 2022-08-30T18:47:10.920343000Z
00:00:00.000496 main     Build Type: release
00:00:00.000499 main     OS Product: Linux
00:00:00.000500 main     OS Release: 5.19.4-zen1-1-zen
00:00:00.000502 main     OS Version: #1 ZEN SMP PREEMPT_DYNAMIC Thu, 25 Aug 2022 17:31:19 +0000
00:00:00.000521 main     DMI Product Name: Vostro 3250  
00:00:00.000532 main     DMI Product Version: X00
00:00:00.000536 main     Firmware type: UEFI
00:00:00.000800 main     Secure Boot: Disabled
00:00:00.000834 main     Host RAM: 7852MB (7.6GB) total, 4260MB (4.1GB) available
00:00:00.000836 main     Executable: /usr/lib/virtualbox/VBoxSVC
00:00:00.000836 main     Process ID: 836099
00:00:00.000837 main     Package type: LINUX_64BITS_GENERIC (OSE)
00:00:00.002401 main     IPC socket path: /tmp/.vbox-davidc-ipc/ipcd
00:00:00.107734 nspr-2   VirtualBox: object creation starts
00:00:00.107815 nspr-2   Home directory: '/home/davidc/.config/VirtualBox'
00:00:00.108017 nspr-2   Loading settings file "/home/davidc/.config/VirtualBox/VirtualBox.xml" with version "1.14-linux"
00:00:00.118941 nspr-2   USB: Unknown USB device detected (idVendor: 0x0cf3, idProduct: 0xe005)
00:00:00.119124 nspr-2   Successfully initialised host USB using sysfs
00:00:00.123507 nspr-2   Failed to retrive disk info: getDiskName(/dev/mapper/luks-c021a229-564e-49ef-b3c7-f4c9eea96384) --> luks-c021a229-564e-49ef-b3c7-f4c9eea96384
00:00:00.141768 nspr-2   HostDnsMonitor: initializing
00:00:00.141992 nspr-2   NAT: resolv.conf: nameserver 192.168.1.31
00:00:00.142011 nspr-2   HostDnsMonitor: updating information
00:00:00.142023 nspr-2   HostDnsMonitor: old information
00:00:00.142028 nspr-2     no server entries
00:00:00.142032 nspr-2     no domain set
00:00:00.142035 nspr-2     no search string entries
00:00:00.142039 nspr-2   HostDnsMonitor: new information
00:00:00.142043 nspr-2     server 1: 192.168.1.31
00:00:00.142047 nspr-2     no domain set
00:00:00.142050 nspr-2     no search string entries
00:00:00.159560 nspr-2   VD: VDInit finished with VINF_SUCCESS
00:00:00.186801 nspr-2   ERROR [COM]: aRC=NS_ERROR_FAILURE (0x80004005) aIID={85632c68-b5bb-4316-a900-5eb28d3413df} aComponent={MachineWrap} aText={Runtime error opening '/home/davidc/VirtualBox VMs/kali-linux-2022.1-virtualbox-amd64/kali-linux-2022.1-virtualbox-amd64.vbox' for reading: -102 (File not found.).
00:00:00.186807 nspr-2   /build/virtualbox/src/VirtualBox-6.1.36/src/VBox/Main/src-server/MachineImpl.cpp[754] (nsresult Machine::i_registeredInit())}, preserve=false aResultDetail=0
00:00:00.187004 nspr-2   ERROR [COM]: aRC=NS_ERROR_FAILURE (0x80004005) aIID={85632c68-b5bb-4316-a900-5eb28d3413df} aComponent={MachineWrap} aText={Runtime error opening '/home/davidc/VirtualBox VMs/Hell_4/Hell_4.vbox' for reading: -102 (File not found.).
00:00:00.187007 nspr-2   /build/virtualbox/src/VirtualBox-6.1.36/src/VBox/Main/src-server/MachineImpl.cpp[754] (nsresult Machine::i_registeredInit())}, preserve=false aResultDetail=0
00:00:00.188419 nspr-2   OCI: Local config file '/home/davidc/.config/VirtualBox/oci_config' does not exist
00:00:00.188440 nspr-2   OCI: Original config file '/home/davidc/.oci/config' does not exist
00:00:00.188445 nspr-2   OCI: Reading profiles finished with status NS_OK
00:00:00.188450 nspr-2   ExtPack: Created cloud provider 'OCI' (hrc=NS_OK)
00:00:00.188462 nspr-2   VirtualBox: object created
00:00:00.719964 nspr-3   ERROR [COM]: aRC=NS_ERROR_FAILURE (0x80004005) aIID={85632c68-b5bb-4316-a900-5eb28d3413df} aComponent={MachineWrap} aText={Runtime error opening '/home/davidc/VirtualBox VMs/kali-linux-2022.1-virtualbox-amd64/kali-linux-2022.1-virtualbox-amd64.vbox' for reading: -102 (File not found.).
00:00:00.719970 nspr-3   /build/virtualbox/src/VirtualBox-6.1.36/src/VBox/Main/src-server/MachineImpl.cpp[754] (nsresult Machine::i_registeredInit())}, preserve=false aResultDetail=0
00:00:00.720301 nspr-3   ERROR [COM]: aRC=NS_ERROR_FAILURE (0x80004005) aIID={85632c68-b5bb-4316-a900-5eb28d3413df} aComponent={MachineWrap} aText={Runtime error opening '/home/davidc/VirtualBox VMs/kali-linux-2022.1-virtualbox-amd64/kali-linux-2022.1-virtualbox-amd64.vbox' for reading: -102 (File not found.).
00:00:00.720304 nspr-3   /build/virtualbox/src/VirtualBox-6.1.36/src/VBox/Main/src-server/MachineImpl.cpp[754] (nsresult Machine::i_registeredInit())}, preserve=false aResultDetail=0
00:00:00.721047 nspr-3   ERROR [COM]: aRC=NS_ERROR_FAILURE (0x80004005) aIID={85632c68-b5bb-4316-a900-5eb28d3413df} aComponent={MachineWrap} aText={Runtime error opening '/home/davidc/VirtualBox VMs/kali-linux-2022.1-virtualbox-amd64/kali-linux-2022.1-virtualbox-amd64.vbox' for reading: -102 (File not found.).
00:00:00.721050 nspr-3   /build/virtualbox/src/VirtualBox-6.1.36/src/VBox/Main/src-server/MachineImpl.cpp[754] (nsresult Machine::i_registeredInit())}, preserve=false aResultDetail=0
00:00:00.724196 nspr-3   ERROR [COM]: aRC=NS_ERROR_FAILURE (0x80004005) aIID={85632c68-b5bb-4316-a900-5eb28d3413df} aComponent={MachineWrap} aText={Runtime error opening '/home/davidc/VirtualBox VMs/Hell_4/Hell_4.vbox' for reading: -102 (File not found.).
00:00:00.724201 nspr-3   /build/virtualbox/src/VirtualBox-6.1.36/src/VBox/Main/src-server/MachineImpl.cpp[754] (nsresult Machine::i_registeredInit())}, preserve=false aResultDetail=0
00:00:00.724505 nspr-3   ERROR [COM]: aRC=NS_ERROR_FAILURE (0x80004005) aIID={85632c68-b5bb-4316-a900-5eb28d3413df} aComponent={MachineWrap} aText={Runtime error opening '/home/davidc/VirtualBox VMs/Hell_4/Hell_4.vbox' for reading: -102 (File not found.).
00:00:00.724508 nspr-3   /build/virtualbox/src/VirtualBox-6.1.36/src/VBox/Main/src-server/MachineImpl.cpp[754] (nsresult Machine::i_registeredInit())}, preserve=false aResultDetail=0
00:00:00.725154 nspr-3   ERROR [COM]: aRC=NS_ERROR_FAILURE (0x80004005) aIID={85632c68-b5bb-4316-a900-5eb28d3413df} aComponent={MachineWrap} aText={Runtime error opening '/home/davidc/VirtualBox VMs/Hell_4/Hell_4.vbox' for reading: -102 (File not found.).
00:00:00.725157 nspr-3   /build/virtualbox/src/VirtualBox-6.1.36/src/VBox/Main/src-server/MachineImpl.cpp[754] (nsresult Machine::i_registeredInit())}, preserve=false aResultDetail=0
00:00:00.744795 nspr-3   ERROR [COM]: aRC=E_ACCESSDENIED (0x80070005) aIID={85632c68-b5bb-4316-a900-5eb28d3413df} aComponent={MachineWrap} aText={The object functionality is limited}, preserve=false aResultDetail=0
00:00:00.744827 nspr-3   ERROR [COM]: aRC=E_ACCESSDENIED (0x80070005) aIID={85632c68-b5bb-4316-a900-5eb28d3413df} aComponent={MachineWrap} aText={The object functionality is limited}, preserve=false aResultDetail=0
00:00:00.744839 nspr-3   ERROR [COM]: aRC=VBOX_E_OBJECT_NOT_FOUND (0x80bb0001) aIID={d0a0163f-e254-4e5b-a1f2-011cf991c38d} aComponent={VirtualBoxWrap} aText={Could not find a registered machine named 'kali-linux-2022.1-virtualbox-amd64'}, preserve=false aResultDetail=0
00:01:01.399865 createBase Saving settings file "/home/davidc/.config/VirtualBox/VirtualBox.xml" with version "1.14-linux"
00:01:01.938392 nspr-5   Saving settings file "/home/davidc/.data/VM/ChainOS/ChainOS.vbox" with version "1.16-linux"
00:01:01.946454 nspr-2   Saving settings file "/home/davidc/.data/VM/ChainOS/ChainOS.vbox" with version "1.16-linux"
00:01:01.954492 nspr-2   Saving settings file "/home/davidc/.config/VirtualBox/VirtualBox.xml" with version "1.14-linux"
00:01:01.967567 nspr-5   ERROR [COM]: aRC=E_ACCESSDENIED (0x80070005) aIID={85632c68-b5bb-4316-a900-5eb28d3413df} aComponent={MachineWrap} aText={The object functionality is limited}, preserve=false aResultDetail=0
00:01:01.967635 nspr-5   ERROR [COM]: aRC=E_ACCESSDENIED (0x80070005) aIID={85632c68-b5bb-4316-a900-5eb28d3413df} aComponent={MachineWrap} aText={The object functionality is limited}, preserve=false aResultDetail=0
00:01:01.967649 nspr-5   ERROR [COM]: aRC=E_ACCESSDENIED (0x80070005) aIID={85632c68-b5bb-4316-a900-5eb28d3413df} aComponent={MachineWrap} aText={The object functionality is limited}, preserve=false aResultDetail=0
00:01:01.967657 nspr-5   ERROR [COM]: aRC=E_ACCESSDENIED (0x80070005) aIID={85632c68-b5bb-4316-a900-5eb28d3413df} aComponent={MachineWrap} aText={The object functionality is limited}, preserve=false aResultDetail=0
00:01:01.967737 nspr-5   Saving settings file "/home/davidc/.config/VirtualBox/VirtualBox.xml" with version "1.14-linux"
00:01:01.980425 nspr-2   ERROR [COM]: aRC=E_ACCESSDENIED (0x80070005) aIID={85632c68-b5bb-4316-a900-5eb28d3413df} aComponent={MachineWrap} aText={The object functionality is limited}, preserve=false aResultDetail=0
00:01:01.980482 nspr-2   ERROR [COM]: aRC=E_ACCESSDENIED (0x80070005) aIID={85632c68-b5bb-4316-a900-5eb28d3413df} aComponent={MachineWrap} aText={The object functionality is limited}, preserve=false aResultDetail=0
00:01:01.981237 nspr-4   Saving settings file "/home/davidc/.data/VM/ChainOS/ChainOS.vbox" with version "1.16-linux"
00:01:07.387766 nspr-5   ERROR [COM]: aRC=E_ACCESSDENIED (0x80070005) aIID={85632c68-b5bb-4316-a900-5eb28d3413df} aComponent={MachineWrap} aText={The object functionality is limited}, preserve=false aResultDetail=0
00:01:07.387822 nspr-5   ERROR [COM]: aRC=E_ACCESSDENIED (0x80070005) aIID={85632c68-b5bb-4316-a900-5eb28d3413df} aComponent={MachineWrap} aText={The object functionality is limited}, preserve=false aResultDetail=0
00:01:07.561259 nspr-5   ERROR [COM]: aRC=E_ACCESSDENIED (0x80070005) aIID={85632c68-b5bb-4316-a900-5eb28d3413df} aComponent={MachineWrap} aText={The object functionality is limited}, preserve=false aResultDetail=0
00:01:07.561291 nspr-5   ERROR [COM]: aRC=E_ACCESSDENIED (0x80070005) aIID={85632c68-b5bb-4316-a900-5eb28d3413df} aComponent={MachineWrap} aText={The object functionality is limited}, preserve=false aResultDetail=0
00:07:20.893078 nspr-3   Saving settings file "/home/davidc/.config/VirtualBox/VirtualBox.xml" with version "1.14-linux"
00:07:20.905533 nspr-5   Saving settings file "/home/davidc/.config/VirtualBox/VirtualBox.xml" with version "1.14-linux"
00:07:45.872546 nspr-5   ERROR [COM]: aRC=E_ACCESSDENIED (0x80070005) aIID={85632c68-b5bb-4316-a900-5eb28d3413df} aComponent={MachineWrap} aText={The object functionality is limited}, preserve=false aResultDetail=0
00:07:45.872583 nspr-5   ERROR [COM]: aRC=E_ACCESSDENIED (0x80070005) aIID={85632c68-b5bb-4316-a900-5eb28d3413df} aComponent={MachineWrap} aText={The object functionality is limited}, preserve=false aResultDetail=0
00:07:45.873404 nspr-3   ERROR [COM]: aRC=VBOX_E_OBJECT_NOT_FOUND (0x80bb0001) aIID={85632c68-b5bb-4316-a900-5eb28d3413df} aComponent={SessionMachine} aText={No storage device attached to device slot 0 on port 0 of controller 'IDE'}, preserve=false aResultDetail=0
00:07:45.877041 nspr-3   ERROR [COM]: aRC=E_ACCESSDENIED (0x80070005) aIID={85632c68-b5bb-4316-a900-5eb28d3413df} aComponent={MachineWrap} aText={The object functionality is limited}, preserve=false aResultDetail=0
00:07:45.877071 nspr-3   ERROR [COM]: aRC=E_ACCESSDENIED (0x80070005) aIID={85632c68-b5bb-4316-a900-5eb28d3413df} aComponent={MachineWrap} aText={The object functionality is limited}, preserve=false aResultDetail=0
00:07:45.877083 nspr-3   ERROR [COM]: aRC=E_ACCESSDENIED (0x80070005) aIID={85632c68-b5bb-4316-a900-5eb28d3413df} aComponent={MachineWrap} aText={The object functionality is limited}, preserve=false aResultDetail=0
00:07:45.877090 nspr-3   ERROR [COM]: aRC=E_ACCESSDENIED (0x80070005) aIID={85632c68-b5bb-4316-a900-5eb28d3413df} aComponent={MachineWrap} aText={The object functionality is limited}, preserve=false aResultDetail=0
00:07:45.877150 nspr-3   Saving settings file "/home/davidc/.config/VirtualBox/VirtualBox.xml" with version "1.14-linux"
00:07:45.925310 nspr-3   Saving settings file "/home/davidc/.data/VM/ChainOS/ChainOS.vbox" with version "1.16-linux"
00:07:45.935733 nspr-4   Saving settings file "/home/davidc/.data/VM/ChainOS/ChainOS.vbox" with version "1.16-linux"
00:07:47.484394 nspr-2   Launched VM: 201332896 pid: 837854 (0xcc8de) frontend: GUI/Qt name: ChainOS
00:07:48.580179 nspr-3   Load [/usr/lib/virtualbox/ExtensionPacks/Oracle_VM_VirtualBox_Extension_Pack/linux.amd64/VBoxHostWebcam.so] vrc=VINF_SUCCESS
00:07:48.922904 nspr-4   ERROR [COM]: aRC=VBOX_E_IPRT_ERROR (0x80bb0005) aIID={85632c68-b5bb-4316-a900-5eb28d3413df} aComponent={SessionMachine} aText={Saved screenshot data is not available (VERR_NOT_SUPPORTED)}, preserve=false aResultDetail=-37
00:08:10.049953 nspr-3   Saving settings file "/home/davidc/.data/VM/ChainOS/ChainOS.vbox" with version "1.16-linux"
00:08:10.107340 nspr-6   ERROR [COM]: aRC=VBOX_E_IPRT_ERROR (0x80bb0005) aIID={85632c68-b5bb-4316-a900-5eb28d3413df} aComponent={SessionMachine} aText={Saved screenshot data is not available (VERR_NOT_SUPPORTED)}, preserve=false aResultDetail=-37
00:15:40.959347 nspr-4   Saving settings file "/home/davidc/.data/VM/ChainOS/ChainOS.vbox" with version "1.16-linux"
00:15:40.990201 nspr-2   Saving settings file "/home/davidc/.data/VM/ChainOS/ChainOS.vbox" with version "1.16-linux"
00:15:41.012856 nspr-3   Saving settings file "/home/davidc/.data/VM/ChainOS/ChainOS.vbox" with version "1.16-linux"
00:15:44.288681 nspr-4   ERROR [COM]: aRC=E_ACCESSDENIED (0x80070005) aIID={85632c68-b5bb-4316-a900-5eb28d3413df} aComponent={MachineWrap} aText={The object functionality is limited}, preserve=false aResultDetail=0
00:15:44.288722 nspr-4   ERROR [COM]: aRC=E_ACCESSDENIED (0x80070005) aIID={85632c68-b5bb-4316-a900-5eb28d3413df} aComponent={MachineWrap} aText={The object functionality is limited}, preserve=false aResultDetail=0
00:15:44.306764 nspr-4   ERROR [COM]: aRC=E_ACCESSDENIED (0x80070005) aIID={85632c68-b5bb-4316-a900-5eb28d3413df} aComponent={MachineWrap} aText={The object functionality is limited}, preserve=false aResultDetail=0
00:15:44.306797 nspr-4   ERROR [COM]: aRC=E_ACCESSDENIED (0x80070005) aIID={85632c68-b5bb-4316-a900-5eb28d3413df} aComponent={MachineWrap} aText={The object functionality is limited}, preserve=false aResultDetail=0
00:15:57.120205 nspr-6   Saving settings file "/home/davidc/.data/VM/ChainOS/ChainOS.vbox" with version "1.16-linux"
00:15:58.591490 nspr-5   Launched VM: 201338896 pid: 840039 (0xcd167) frontend: GUI/Qt name: ChainOS
00:15:59.642750 nspr-6   Load [/usr/lib/virtualbox/ExtensionPacks/Oracle_VM_VirtualBox_Extension_Pack/linux.amd64/VBoxHostWebcam.so] vrc=VINF_SUCCESS
00:16:02.525299 nspr-5   ERROR [COM]: aRC=VBOX_E_IPRT_ERROR (0x80bb0005) aIID={85632c68-b5bb-4316-a900-5eb28d3413df} aComponent={SessionMachine} aText={Saved screenshot data is not available (VERR_NOT_SUPPORTED)}, preserve=false aResultDetail=-37
00:17:43.157109 nspr-5   Saving settings file "/home/davidc/.config/VirtualBox/VirtualBox.xml" with version "1.14-linux"
00:17:43.618327 nspr-5   Saving settings file "/home/davidc/.config/VirtualBox/VirtualBox.xml" with version "1.14-linux"
00:27:01.342282 nspr-5   Saving settings file "/home/davidc/.data/VM/ChainOS/ChainOS.vbox" with version "1.16-linux"
00:27:09.188185 nspr-5   ERROR [COM]: aRC=E_ACCESSDENIED (0x80070005) aIID={85632c68-b5bb-4316-a900-5eb28d3413df} aComponent={MachineWrap} aText={The object functionality is limited}, preserve=false aResultDetail=0
00:27:09.188215 nspr-5   ERROR [COM]: aRC=E_ACCESSDENIED (0x80070005) aIID={85632c68-b5bb-4316-a900-5eb28d3413df} aComponent={MachineWrap} aText={The object functionality is limited}, preserve=false aResultDetail=0
00:27:09.208118 nspr-8   ERROR [COM]: aRC=E_ACCESSDENIED (0x80070005) aIID={85632c68-b5bb-4316-a900-5eb28d3413df} aComponent={MachineWrap} aText={The object functionality is limited}, preserve=false aResultDetail=0
00:27:09.208155 nspr-8   ERROR [COM]: aRC=E_ACCESSDENIED (0x80070005) aIID={85632c68-b5bb-4316-a900-5eb28d3413df} aComponent={MachineWrap} aText={The object functionality is limited}, preserve=false aResultDetail=0
00:27:53.567324 nspr-2   ERROR [COM]: aRC=E_ACCESSDENIED (0x80070005) aIID={85632c68-b5bb-4316-a900-5eb28d3413df} aComponent={MachineWrap} aText={The object functionality is limited}, preserve=false aResultDetail=0
00:27:53.567817 nspr-2   ERROR [COM]: aRC=E_ACCESSDENIED (0x80070005) aIID={85632c68-b5bb-4316-a900-5eb28d3413df} aComponent={MachineWrap} aText={The object functionality is limited}, preserve=false aResultDetail=0
00:27:53.628499 nspr-4   Saving settings file "/home/davidc/.data/VM/ChainOS/ChainOS.vbox" with version "1.16-linux"
00:28:15.376565 nspr-5   ERROR [COM]: aRC=E_ACCESSDENIED (0x80070005) aIID={85632c68-b5bb-4316-a900-5eb28d3413df} aComponent={MachineWrap} aText={The object functionality is limited}, preserve=false aResultDetail=0
00:28:15.376614 nspr-5   ERROR [COM]: aRC=E_ACCESSDENIED (0x80070005) aIID={85632c68-b5bb-4316-a900-5eb28d3413df} aComponent={MachineWrap} aText={The object functionality is limited}, preserve=false aResultDetail=0
00:28:15.396268 nspr-8   ERROR [COM]: aRC=E_ACCESSDENIED (0x80070005) aIID={85632c68-b5bb-4316-a900-5eb28d3413df} aComponent={MachineWrap} aText={The object functionality is limited}, preserve=false aResultDetail=0
00:28:15.396301 nspr-8   ERROR [COM]: aRC=E_ACCESSDENIED (0x80070005) aIID={85632c68-b5bb-4316-a900-5eb28d3413df} aComponent={MachineWrap} aText={The object functionality is limited}, preserve=false aResultDetail=0
00:28:43.917671 createBase Saving settings file "/home/davidc/.config/VirtualBox/VirtualBox.xml" with version "1.14-linux"
00:28:51.253777 nspr-7   Saving settings file "/home/davidc/.config/VirtualBox/VirtualBox.xml" with version "1.14-linux"
00:28:51.263559 nspr-3   Saving settings file "/home/davidc/.config/VirtualBox/VirtualBox.xml" with version "1.14-linux"
00:28:55.645649 nspr-7   ERROR [COM]: aRC=VBOX_E_OBJECT_NOT_FOUND (0x80bb0001) aIID={85632c68-b5bb-4316-a900-5eb28d3413df} aComponent={SessionMachine} aText={No storage device attached to device slot 0 on port 0 of controller 'SATA'}, preserve=false aResultDetail=0
00:28:55.647557 nspr-5   ERROR [COM]: aRC=E_ACCESSDENIED (0x80070005) aIID={85632c68-b5bb-4316-a900-5eb28d3413df} aComponent={MachineWrap} aText={The object functionality is limited}, preserve=false aResultDetail=0
00:28:55.647587 nspr-5   ERROR [COM]: aRC=E_ACCESSDENIED (0x80070005) aIID={85632c68-b5bb-4316-a900-5eb28d3413df} aComponent={MachineWrap} aText={The object functionality is limited}, preserve=false aResultDetail=0
00:28:55.647600 nspr-5   ERROR [COM]: aRC=E_ACCESSDENIED (0x80070005) aIID={85632c68-b5bb-4316-a900-5eb28d3413df} aComponent={MachineWrap} aText={The object functionality is limited}, preserve=false aResultDetail=0
00:28:55.647607 nspr-5   ERROR [COM]: aRC=E_ACCESSDENIED (0x80070005) aIID={85632c68-b5bb-4316-a900-5eb28d3413df} aComponent={MachineWrap} aText={The object functionality is limited}, preserve=false aResultDetail=0
00:28:55.647670 nspr-5   Saving settings file "/home/davidc/.config/VirtualBox/VirtualBox.xml" with version "1.14-linux"
00:28:55.691254 nspr-7   Saving settings file "/home/davidc/.data/VM/ChainOS/ChainOS.vbox" with version "1.16-linux"
01:00:45.719260 nspr-3   Launched VM: 201344064 pid: 867812 (0xd3de4) frontend: GUI/Qt name: ChainOS
01:00:46.977208 nspr-3   Load [/usr/lib/virtualbox/ExtensionPacks/Oracle_VM_VirtualBox_Extension_Pack/linux.amd64/VBoxHostWebcam.so] vrc=VINF_SUCCESS
01:00:52.749011 nspr-8   ERROR [COM]: aRC=VBOX_E_IPRT_ERROR (0x80bb0005) aIID={85632c68-b5bb-4316-a900-5eb28d3413df} aComponent={SessionMachine} aText={Saved screenshot data is not available (VERR_NOT_SUPPORTED)}, preserve=false aResultDetail=-37
